2023-01-20 15:02:22,953 Starting threads...
2023-01-20 15:02:25,968 Fetching search results...
2023-01-20 15:02:34,056 Downloading pictures...
2023-01-20 15:02:34,057 File already exists, skipping...
2023-01-20 15:02:34,057 File already exists, skipping...
2023-01-20 15:02:34,058 File already exists, skipping...
2023-01-20 15:02:34,058 File already exists, skipping...
2023-01-20 15:02:34,058 File already exists, skipping...
2023-01-20 15:02:34,059 File already exists, skipping...
2023-01-20 15:02:34,059 File already exists, skipping...
2023-01-20 15:02:34,059 File already exists, skipping...
2023-01-20 15:02:34,060 File already exists, skipping...
2023-01-20 15:02:34,060 File already exists, skipping...
2023-01-20 15:02:34,061 File already exists, skipping...
2023-01-20 15:02:34,062 File already exists, skipping...
2023-01-20 15:02:34,062 File already exists, skipping...
2023-01-20 15:02:34,063 File already exists, skipping...
2023-01-20 15:02:34,063 File already exists, skipping...
2023-01-20 15:02:34,063 File already exists, skipping...
2023-01-20 15:02:34,064 File already exists, skipping...
2023-01-20 15:02:34,064 File already exists, skipping...
2023-01-20 15:02:34,064 File already exists, skipping...
2023-01-20 15:02:34,065 File already exists, skipping...
2023-01-20 15:02:35,073 0 - downloaded https://cdn.dsmcdn.com//ty651/product/media/images/20221217/23/240589215/317449311/1/1_org_zoom.jpg
2023-01-20 15:02:35,395 0 - downloaded https://cdn.dsmcdn.com//ty653/product/media/images/20221217/23/240589215/317449311/2/2_org_zoom.jpg
2023-01-20 15:02:35,683 0 - downloaded https://cdn.dsmcdn.com//ty653/product/media/images/20221217/23/240589215/317449311/3/3_org_zoom.jpg
2023-01-20 15:02:35,911 0 - downloaded https://cdn.dsmcdn.com//ty651/product/media/images/20221217/23/240589215/317449311/4/4_org_zoom.jpg
2023-01-20 15:02:37,003 1 - downloaded https://cdn.dsmcdn.com//ty596/product/media/images/20221112/1/212619746/560469263/1/1_org_zoom.jpg
2023-01-20 15:02:37,304 1 - downloaded https://cdn.dsmcdn.com//ty595/product/media/images/20221112/1/212619746/560469263/2/2_org_zoom.jpg
2023-01-20 15:02:37,609 1 - downloaded https://cdn.dsmcdn.com//ty595/product/media/images/20221112/1/212619746/560469263/3/3_org_zoom.jpg
2023-01-20 15:02:37,890 1 - downloaded https://cdn.dsmcdn.com//ty594/product/media/images/20221112/1/212619746/560469263/4/4_org_zoom.jpg
2023-01-20 15:02:38,920 2 - downloaded https://cdn.dsmcdn.com//ty453/product/media/images/20220615/14/125857347/297250778/1/1_org_zoom.jpg
2023-01-20 15:02:39,267 Error on https://cdn.dsmcdn.com//ty453/product/media/images/20220615/14/125857347/297250778/2/2_org_zoom.jpg, trying again...
