2023-01-20 15:00:58,991 Starting threads...
2023-01-20 15:01:01,997 Fetching search results...
2023-01-20 15:01:10,011 Downloading pictures...
2023-01-20 15:01:10,012 File already exists, skipping...
2023-01-20 15:01:11,149 0 - downloaded https://cdn.dsmcdn.com//ty673/product/media/images/20230102/23/250679274/616381975/1/1_org_zoom.jpg
2023-01-20 15:01:11,598 Error on https://cdn.dsmcdn.com//ty673/product/media/images/20230102/23/250679274/616381975/2/2_org_zoom.jpg, trying again...
2023-01-20 15:01:12,240 Error on https://cdn.dsmcdn.com//ty673/product/media/images/20230102/23/250679274/616381975/2/2_org_zoom.jpg, trying again...
2023-01-20 15:01:15,029 File already exists, skipping...
2023-01-20 15:01:15,041 File already exists, skipping...
2023-01-20 15:01:15,041 File already exists, skipping...
2023-01-20 15:01:16,761 1 - downloaded https://cdn.dsmcdn.com//ty681/product/media/images/20230111/14/256511538/89902409/1/1_org_zoom.jpg
2023-01-20 15:01:17,122 1 - downloaded https://cdn.dsmcdn.com//ty681/product/media/images/20230111/14/256511538/89902409/2/2_org_zoom.jpg
2023-01-20 15:01:17,437 1 - downloaded https://cdn.dsmcdn.com//ty682/product/media/images/20230111/14/256511538/89902409/3/3_org_zoom.jpg
2023-01-20 15:01:17,715 1 - downloaded https://cdn.dsmcdn.com//ty681/product/media/images/20230111/14/256511538/89902409/4/4_org_zoom.jpg
2023-01-20 15:01:18,194 1 - downloaded https://cdn.dsmcdn.com//ty682/product/media/images/20230111/14/256511538/89902409/5/5_org_zoom.jpg
2023-01-20 15:01:18,499 1 - downloaded https://cdn.dsmcdn.com//ty683/product/media/images/20230111/14/256511538/89902409/6/6_org_zoom.jpg
2023-01-20 15:01:18,842 Error on https://cdn.dsmcdn.com//ty681/product/media/images/20230111/14/256511538/89902409/7/7_org_zoom.jpg, trying again...
2023-01-20 15:01:19,494 Error on https://cdn.dsmcdn.com//ty681/product/media/images/20230111/14/256511538/89902409/7/7_org_zoom.jpg, trying again...
2023-01-20 15:01:20,564 1 - downloaded https://cdn.dsmcdn.com//ty683/product/media/images/20230111/14/256511538/89902409/8/8_org_zoom.jpg
2023-01-20 15:01:21,668 2 - downloaded https://cdn.dsmcdn.com//ty558/product/media/images/20221010/16/190458789/497119385/1/1_org_zoom.jpg
2023-01-20 15:01:21,955 2 - downloaded https://cdn.dsmcdn.com//ty559/product/media/images/20221010/16/190458789/497119385/2/2_org_zoom.jpg
2023-01-20 15:01:22,216 2 - downloaded https://cdn.dsmcdn.com//ty557/product/media/images/20221010/16/190458789/497119385/3/3_org_zoom.jpg
2023-01-20 15:01:24,842 3 - downloaded https://cdn.dsmcdn.com//ty604/product/media/images/20221117/11/216905787/90568704/1/1_org_zoom.jpg
2023-01-20 15:01:25,122 3 - downloaded https://cdn.dsmcdn.com//ty603/product/media/images/20221117/11/216905787/90568704/2/2_org_zoom.jpg
2023-01-20 15:01:25,549 Error on https://cdn.dsmcdn.com//ty605/product/media/images/20221117/11/216905787/90568704/3/3_org_zoom.jpg, trying again...
2023-01-20 15:01:26,203 Error on https://cdn.dsmcdn.com//ty605/product/media/images/20221117/11/216905787/90568704/3/3_org_zoom.jpg, trying again...
2023-01-20 15:01:29,262 4 - downloaded https://cdn.dsmcdn.com//ty339/product/media/images/20220223/10/57162631/20531277/2/2_org_zoom.jpg
2023-01-20 15:01:29,553 4 - downloaded https://cdn.dsmcdn.com//ty339/product/media/images/20220223/10/57162631/20531277/3/3_org_zoom.jpg
2023-01-20 15:01:29,790 4 - downloaded https://cdn.dsmcdn.com//ty339/product/media/images/20220223/10/57162631/20531277/4/4_org_zoom.jpg
2023-01-20 15:01:31,607 5 - downloaded https://cdn.dsmcdn.com//ty679/product/media/images/20230109/16/255055635/616321162/1/1_org_zoom.jpg
2023-01-20 15:01:31,950 5 - downloaded https://cdn.dsmcdn.com//ty680/product/media/images/20230109/16/255055635/616321162/2/2_org_zoom.jpg
2023-01-20 15:01:32,349 Error on https://cdn.dsmcdn.com//ty680/product/media/images/20230109/16/255055635/616321162/3/3_org_zoom.jpg, trying again...
2023-01-20 15:01:33,016 Error on https://cdn.dsmcdn.com//ty680/product/media/images/20230109/16/255055635/616321162/3/3_org_zoom.jpg, trying again...
2023-01-20 15:01:33,982 5 - downloaded https://cdn.dsmcdn.com//ty680/product/media/images/20230109/16/255055635/616321162/4/4_org_zoom.jpg
2023-01-20 15:01:34,417 5 - downloaded https://cdn.dsmcdn.com//ty680/product/media/images/20230109/16/255055635/616321162/5/5_org_zoom.jpg
2023-01-20 15:01:35,010 5 - downloaded https://cdn.dsmcdn.com//ty678/product/media/images/20230109/16/255055635/616321162/6/6_org_zoom.jpg
2023-01-20 15:01:35,387 Error on https://cdn.dsmcdn.com//ty679/product/media/images/20230109/16/255055635/616321162/7/7_org_zoom.jpg, trying again...
2023-01-20 15:01:36,031 Error on https://cdn.dsmcdn.com//ty679/product/media/images/20230109/16/255055635/616321162/7/7_org_zoom.jpg, trying again...
2023-01-20 15:01:37,040 5 - downloaded https://cdn.dsmcdn.com//ty679/product/media/images/20230109/16/255055635/616321162/8/8_org_zoom.jpg
2023-01-20 15:01:38,195 6 - downloaded https://cdn.dsmcdn.com//ty672/product/media/images/20230104/17/251915119/126466991/1/1_org_zoom.jpg
2023-01-20 15:01:38,486 6 - downloaded https://cdn.dsmcdn.com//ty674/product/media/images/20230104/17/251915119/126466991/2/2_org_zoom.jpg
2023-01-20 15:01:38,807 6 - downloaded https://cdn.dsmcdn.com//ty674/product/media/images/20230104/17/251915119/126466991/3/3_org_zoom.jpg
2023-01-20 15:01:39,059 6 - downloaded https://cdn.dsmcdn.com//ty674/product/media/images/20230104/17/251915119/126466991/4/4_org_zoom.jpg
2023-01-20 15:01:39,282 6 - downloaded https://cdn.dsmcdn.com//ty672/product/media/images/20230104/17/251915119/126466991/5/5_org_zoom.jpg
2023-01-20 15:01:40,889 7 - downloaded https://cdn.dsmcdn.com//ty580/product/media/images/20221026/10/202667856/112337041/1/1_org_zoom.jpg
2023-01-20 15:01:41,172 7 - downloaded https://cdn.dsmcdn.com//ty579/product/media/images/20221026/10/202667856/112337041/2/2_org_zoom.jpg
2023-01-20 15:01:41,463 7 - downloaded https://cdn.dsmcdn.com//ty580/product/media/images/20221026/10/202667856/112337041/3/3_org_zoom.jpg
2023-01-20 15:01:41,730 7 - downloaded https://cdn.dsmcdn.com//ty581/product/media/images/20221026/10/202667856/112337041/4/4_org_zoom.jpg
2023-01-20 15:01:41,983 7 - downloaded https://cdn.dsmcdn.com//ty580/product/media/images/20221026/10/202667856/112337041/5/5_org_zoom.jpg
2023-01-20 15:01:41,985 File already exists, skipping...
2023-01-20 15:01:43,251 8 - downloaded https://cdn.dsmcdn.com//ty566/product/media/images/20221016/10/194820759/110020646/1/1_org_zoom.jpg
2023-01-20 15:01:43,612 Error on https://cdn.dsmcdn.com//ty565/product/media/images/20221016/10/194820759/110020646/2/2_org_zoom.jpg, trying again...
2023-01-20 15:01:44,260 Error on https://cdn.dsmcdn.com//ty565/product/media/images/20221016/10/194820759/110020646/2/2_org_zoom.jpg, trying again...
2023-01-20 15:01:45,394 8 - downloaded https://cdn.dsmcdn.com//ty566/product/media/images/20221016/10/194820759/110020646/3/3_org_zoom.jpg
2023-01-20 15:01:45,660 8 - downloaded https://cdn.dsmcdn.com//ty566/product/media/images/20221016/10/194820759/110020646/4/4_org_zoom.jpg
2023-01-20 15:01:45,660 File already exists, skipping...
2023-01-20 15:01:48,154 9 - downloaded https://cdn.dsmcdn.com//ty630/product/media/images/20221208/21/231968966/254818119/1/1_org_zoom.jpg
2023-01-20 15:01:48,515 9 - downloaded https://cdn.dsmcdn.com//ty632/product/media/images/20221208/21/231968966/254818119/2/2_org_zoom.jpg
2023-01-20 15:01:48,846 9 - downloaded https://cdn.dsmcdn.com//ty632/product/media/images/20221208/21/231968966/254818119/3/3_org_zoom.jpg
2023-01-20 15:01:49,835 10 - downloaded https://cdn.dsmcdn.com//ty651/product/media/images/20221217/23/240578175/126466957/1/1_org_zoom.jpg
2023-01-20 15:01:50,349 10 - downloaded https://cdn.dsmcdn.com//ty653/product/media/images/20221217/23/240578175/126466957/2/2_org_zoom.jpg
2023-01-20 15:01:50,720 10 - downloaded https://cdn.dsmcdn.com//ty653/product/media/images/20221217/23/240578175/126466957/3/3_org_zoom.jpg
2023-01-20 15:01:51,077 Error on https://cdn.dsmcdn.com//ty653/product/media/images/20221217/23/240578175/126466957/4/4_org_zoom.jpg, trying again...
2023-01-20 15:01:51,819 Error on https://cdn.dsmcdn.com//ty653/product/media/images/20221217/23/240578175/126466957/4/4_org_zoom.jpg, trying again...
2023-01-20 15:01:54,118 11 - downloaded https://cdn.dsmcdn.com//ty593/product/media/images/20221107/19/209679003/616659591/1/1_org_zoom.jpg
2023-01-20 15:01:54,409 11 - downloaded https://cdn.dsmcdn.com//ty591/product/media/images/20221107/19/209679003/616659591/2/2_org_zoom.jpg
2023-01-20 15:01:54,718 11 - downloaded https://cdn.dsmcdn.com//ty591/product/media/images/20221107/19/209679003/616659591/3/3_org_zoom.jpg
2023-01-20 15:01:55,027 11 - downloaded https://cdn.dsmcdn.com//ty593/product/media/images/20221107/19/209679003/616659591/4/4_org_zoom.jpg
2023-01-20 15:01:55,573 11 - downloaded https://cdn.dsmcdn.com//ty593/product/media/images/20221107/19/209679003/616659591/5/5_org_zoom.jpg
2023-01-20 15:01:55,895 11 - downloaded https://cdn.dsmcdn.com//ty591/product/media/images/20221107/19/209679003/616659591/6/6_org_zoom.jpg
2023-01-20 15:01:56,153 11 - downloaded https://cdn.dsmcdn.com//ty591/product/media/images/20221107/19/209679003/616659591/7/7_org_zoom.jpg
2023-01-20 15:01:57,349 12 - downloaded https://cdn.dsmcdn.com//ty385/product/media/images/20220405/15/83609536/142170323/1/1_org_zoom.jpg
2023-01-20 15:01:57,710 Error on https://cdn.dsmcdn.com//ty386/product/media/images/20220405/15/83609536/142170323/2/2_org_zoom.jpg, trying again...
2023-01-20 15:01:58,374 Error on https://cdn.dsmcdn.com//ty386/product/media/images/20220405/15/83609536/142170323/2/2_org_zoom.jpg, trying again...
2023-01-20 15:01:59,377 12 - downloaded https://cdn.dsmcdn.com//ty386/product/media/images/20220405/15/83609536/142170323/3/3_org_zoom.jpg
2023-01-20 15:01:59,728 Error on https://cdn.dsmcdn.com//ty384/product/media/images/20220405/15/83609536/142170323/4/4_org_zoom.jpg, trying again...
2023-01-20 15:02:00,399 Error on https://cdn.dsmcdn.com//ty384/product/media/images/20220405/15/83609536/142170323/4/4_org_zoom.jpg, trying again...
2023-01-20 15:02:01,330 12 - downloaded https://cdn.dsmcdn.com//ty385/product/media/images/20220405/15/83609536/142170323/5/5_org_zoom.jpg
2023-01-20 15:02:04,081 13 - downloaded https://cdn.dsmcdn.com//ty454/product/media/images/20220615/14/125859025/203012791/1/1_org_zoom.jpg
2023-01-20 15:02:04,402 13 - downloaded https://cdn.dsmcdn.com//ty454/product/media/images/20220615/14/125859025/203012791/2/2_org_zoom.jpg
2023-01-20 15:02:04,697 13 - downloaded https://cdn.dsmcdn.com//ty455/product/media/images/20220615/14/125859025/203012791/3/3_org_zoom.jpg
2023-01-20 15:02:05,043 Error on https://cdn.dsmcdn.com//ty454/product/media/images/20220615/14/125859025/203012791/4/4_org_zoom.jpg, trying again...
2023-01-20 15:02:05,830 Error on https://cdn.dsmcdn.com//ty454/product/media/images/20220615/14/125859025/203012791/4/4_org_zoom.jpg, trying again...
2023-01-20 15:02:06,785 13 - downloaded https://cdn.dsmcdn.com//ty453/product/media/images/20220615/14/125859025/203012791/5/5_org_zoom.jpg
2023-01-20 15:02:07,103 13 - downloaded https://cdn.dsmcdn.com//ty453/product/media/images/20220615/14/125859025/203012791/6/6_org_zoom.jpg
2023-01-20 15:02:07,358 13 - downloaded https://cdn.dsmcdn.com//ty455/product/media/images/20220615/14/125859025/203012791/7/7_org_zoom.jpg
2023-01-20 15:02:07,716 Error on https://cdn.dsmcdn.com//ty453/product/media/images/20220615/14/125859025/203012791/8/8_org_zoom.jpg, trying again...
2023-01-20 15:02:08,360 Error on https://cdn.dsmcdn.com//ty453/product/media/images/20220615/14/125859025/203012791/8/8_org_zoom.jpg, trying again...
